<?xml version="1.0" encoding="UTF-8"?>
<!-- Generated by org.testng.reporters.JUnitReportReporter -->
<testsuite hostname="Madhuri" failures="0" tests="5" name="com.flipkart.Test.LoginPageTest" time="36.072" errors="0" timestamp="2021-01-19T21:01:32 GMT" skipped="0">
  <testcase classname="com.flipkart.Test.LoginPageTest" name="LoginTest" time="9.215"/>
  <system-out/>
  <testcase classname="com.flipkart.Test.LoginPageTest" name="LoginTest" time="8.858"/>
  <system-out/>
  <testcase classname="com.flipkart.Test.LoginPageTest" name="LoginTest" time="8.956"/>
  <system-out/>
  <testcase classname="com.flipkart.Test.LoginPageTest" name="LoginTest" time="9.035"/>
  <system-out/>
  <testcase classname="com.flipkart.Test.LoginPageTest" name="loginPageTitleTest" time="0.008"/>
  <system-out/>
</testsuite> <!-- com.flipkart.Test.LoginPageTest -->
